-------------------------------------------------------------------------------
Test set: com.readingbooks.springboot.readingbooks.ReadingbooksApplicationTests
-------------------------------------------------------------------------------
Tests run: 1, Failures: 0, Errors: 1, Skipped: 0, Time elapsed: 7.287 s <<< FAILURE! - in com.readingbooks.springboot.readingbooks.ReadingbooksApplicationTests
contextLoads  Time elapsed: 0.004 s  <<< ERROR!
java.lang.IllegalStateException: Failed to load ApplicationContext
Caused by: org.springframework.beans.factory.UnsatisfiedDependencyException: Error creating bean with name 'booksController' defined in file [F:\new proj\readingbooks\target\classes\com\readingbooks\springboot\readingbooks\controller\BooksController.class]: Unsatisfied dependency expressed through constructor parameter 0; nested exception is org.springframework.beans.factory.UnsatisfiedDependencyException: Error creating bean with name 'booksServiceImpl' defined in file [F:\new proj\readingbooks\target\classes\com\readingbooks\springboot\readingbooks\serviceImpl\BooksServiceImpl.class]: Unsatisfied dependency expressed through constructor parameter 0; nested exception is org.springframework.beans.factory.NoSuchBeanDefinitionException: No qualifying bean of type 'com.readingbooks.springboot.readingbooks.repository.BooksRepository' available: expected at least 1 bean which qualifies as autowire candidate. Dependency annotations: {}
Caused by: org.springframework.beans.factory.UnsatisfiedDependencyException: Error creating bean with name 'booksServiceImpl' defined in file [F:\new proj\readingbooks\target\classes\com\readingbooks\springboot\readingbooks\serviceImpl\BooksServiceImpl.class]: Unsatisfied dependency expressed through constructor parameter 0; nested exception is org.springframework.beans.factory.NoSuchBeanDefinitionException: No qualifying bean of type 'com.readingbooks.springboot.readingbooks.repository.BooksRepository' available: expected at least 1 bean which qualifies as autowire candidate. Dependency annotations: {}
Caused by: org.springframework.beans.factory.NoSuchBeanDefinitionException: No qualifying bean of type 'com.readingbooks.springboot.readingbooks.repository.BooksRepository' available: expected at least 1 bean which qualifies as autowire candidate. Dependency annotations: {}

